<?xml version="1.0" encoding="UTF-8"?>
<!-- Generated by org.testng.reporters.JUnitReportReporter -->
<testsuite hostname="briolins-MacBook-Pro.local" failures="0" tests="1" name="testCases.TC1_Register" time="1.062" errors="0" timestamp="2024-11-21T17:08:59 IST" skipped="0">
  <testcase classname="testCases.TC1_Register" name="testRegister" time="1.062"/>
</testsuite> <!-- testCases.TC1_Register -->
