<?xml version="1.0" encoding="UTF-8"?>
<!-- Generated by org.testng.reporters.JUnitReportReporter -->
<testsuite hostname="briolins-MacBook-Pro.local" failures="0" tests="1" name="testCases.TC2_Login" time="0.719" errors="0" timestamp="2024-11-21T17:08:59 IST" skipped="0">
  <testcase classname="testCases.TC2_Login" name="testLogin" time="0.719"/>
</testsuite> <!-- testCases.TC2_Login -->
